2024-01-17T10:46:52+00:00 CRITICAL Uncaught Error: Call to undefined function get_field() in /Users/romanzhurakivskyi/Local Sites/handeny2/app/public/wp-content/themes/handeny/front-page.php:4
Stack trace:
#0 /Users/romanzhurakivskyi/Local Sites/handeny2/app/public/wp-includes/template-loader.php(106): include()
#1 /Users/romanzhurakivskyi/Local Sites/handeny2/app/public/wp-blog-header.php(19): require_once('/Users/romanzhu...')
#2 /Users/romanzhurakivskyi/Local Sites/handeny2/app/public/index.php(17): require('/Users/romanzhu...')
#3 {main}
  thrown in /Users/romanzhurakivskyi/Local Sites/handeny2/app/public/wp-content/themes/handeny/front-page.php on line 4

2024-01-17T10:50:43+00:00 CRITICAL Uncaught TypeError: count(): Argument #1 ($value) must be of type Countable|array, null given in /Users/romanzhurakivskyi/Local Sites/handeny2/app/public/wp-content/themes/handeny/front-page.php:534
Stack trace:
#0 /Users/romanzhurakivskyi/Local Sites/handeny2/app/public/wp-includes/template-loader.php(106): include()
#1 /Users/romanzhurakivskyi/Local Sites/handeny2/app/public/wp-blog-header.php(19): require_once('/Users/romanzhu...')
#2 /Users/romanzhurakivskyi/Local Sites/handeny2/app/public/index.php(17): require('/Users/romanzhu...')
#3 {main}
  thrown in /Users/romanzhurakivskyi/Local Sites/handeny2/app/public/wp-content/themes/handeny/front-page.php on line 534

2024-01-17T10:56:52+00:00 CRITICAL Uncaught TypeError: count(): Argument #1 ($value) must be of type Countable|array, null given in /Users/romanzhurakivskyi/Local Sites/handeny2/app/public/wp-content/themes/handeny/front-page.php:534
Stack trace:
#0 /Users/romanzhurakivskyi/Local Sites/handeny2/app/public/wp-includes/template-loader.php(106): include()
#1 /Users/romanzhurakivskyi/Local Sites/handeny2/app/public/wp-blog-header.php(19): require_once('/Users/romanzhu...')
#2 /Users/romanzhurakivskyi/Local Sites/handeny2/app/public/index.php(17): require('/Users/romanzhu...')
#3 {main}
  thrown in /Users/romanzhurakivskyi/Local Sites/handeny2/app/public/wp-content/themes/handeny/front-page.php on line 534

2024-01-17T10:58:13+00:00 CRITICAL Uncaught TypeError: count(): Argument #1 ($value) must be of type Countable|array, null given in /Users/romanzhurakivskyi/Local Sites/handeny2/app/public/wp-content/themes/handeny/front-page.php:534
Stack trace:
#0 /Users/romanzhurakivskyi/Local Sites/handeny2/app/public/wp-includes/template-loader.php(106): include()
#1 /Users/romanzhurakivskyi/Local Sites/handeny2/app/public/wp-blog-header.php(19): require_once('/Users/romanzhu...')
#2 /Users/romanzhurakivskyi/Local Sites/handeny2/app/public/index.php(17): require('/Users/romanzhu...')
#3 {main}
  thrown in /Users/romanzhurakivskyi/Local Sites/handeny2/app/public/wp-content/themes/handeny/front-page.php on line 534

2024-01-17T10:59:40+00:00 CRITICAL Uncaught TypeError: count(): Argument #1 ($value) must be of type Countable|array, null given in /Users/romanzhurakivskyi/Local Sites/handeny2/app/public/wp-content/themes/handeny/front-page.php:534
Stack trace:
#0 /Users/romanzhurakivskyi/Local Sites/handeny2/app/public/wp-includes/template-loader.php(106): include()
#1 /Users/romanzhurakivskyi/Local Sites/handeny2/app/public/wp-blog-header.php(19): require_once('/Users/romanzhu...')
#2 /Users/romanzhurakivskyi/Local Sites/handeny2/app/public/index.php(17): require('/Users/romanzhu...')
#3 {main}
  thrown in /Users/romanzhurakivskyi/Local Sites/handeny2/app/public/wp-content/themes/handeny/front-page.php on line 534

2024-01-17T11:03:26+00:00 CRITICAL Uncaught TypeError: count(): Argument #1 ($value) must be of type Countable|array, null given in /Users/romanzhurakivskyi/Local Sites/handeny2/app/public/wp-content/themes/handeny/front-page.php:534
Stack trace:
#0 /Users/romanzhurakivskyi/Local Sites/handeny2/app/public/wp-includes/template-loader.php(106): include()
#1 /Users/romanzhurakivskyi/Local Sites/handeny2/app/public/wp-blog-header.php(19): require_once('/Users/romanzhu...')
#2 /Users/romanzhurakivskyi/Local Sites/handeny2/app/public/index.php(17): require('/Users/romanzhu...')
#3 {main}
  thrown in /Users/romanzhurakivskyi/Local Sites/handeny2/app/public/wp-content/themes/handeny/front-page.php on line 534

2024-01-17T11:06:48+00:00 CRITICAL Uncaught TypeError: count(): Argument #1 ($value) must be of type Countable|array, null given in /Users/romanzhurakivskyi/Local Sites/handeny2/app/public/wp-content/themes/handeny/front-page.php:534
Stack trace:
#0 /Users/romanzhurakivskyi/Local Sites/handeny2/app/public/wp-includes/template-loader.php(106): include()
#1 /Users/romanzhurakivskyi/Local Sites/handeny2/app/public/wp-blog-header.php(19): require_once('/Users/romanzhu...')
#2 /Users/romanzhurakivskyi/Local Sites/handeny2/app/public/index.php(17): require('/Users/romanzhu...')
#3 {main}
  thrown in /Users/romanzhurakivskyi/Local Sites/handeny2/app/public/wp-content/themes/handeny/front-page.php on line 534

2024-01-17T11:06:54+00:00 CRITICAL Uncaught TypeError: count(): Argument #1 ($value) must be of type Countable|array, null given in /Users/romanzhurakivskyi/Local Sites/handeny2/app/public/wp-content/themes/handeny/front-page.php:534
Stack trace:
#0 /Users/romanzhurakivskyi/Local Sites/handeny2/app/public/wp-includes/template-loader.php(106): include()
#1 /Users/romanzhurakivskyi/Local Sites/handeny2/app/public/wp-blog-header.php(19): require_once('/Users/romanzhu...')
#2 /Users/romanzhurakivskyi/Local Sites/handeny2/app/public/index.php(17): require('/Users/romanzhu...')
#3 {main}
  thrown in /Users/romanzhurakivskyi/Local Sites/handeny2/app/public/wp-content/themes/handeny/front-page.php on line 534

2024-01-17T11:06:57+00:00 CRITICAL Uncaught TypeError: count(): Argument #1 ($value) must be of type Countable|array, null given in /Users/romanzhurakivskyi/Local Sites/handeny2/app/public/wp-content/themes/handeny/front-page.php:534
Stack trace:
#0 /Users/romanzhurakivskyi/Local Sites/handeny2/app/public/wp-includes/template-loader.php(106): include()
#1 /Users/romanzhurakivskyi/Local Sites/handeny2/app/public/wp-blog-header.php(19): require_once('/Users/romanzhu...')
#2 /Users/romanzhurakivskyi/Local Sites/handeny2/app/public/index.php(17): require('/Users/romanzhu...')
#3 {main}
  thrown in /Users/romanzhurakivskyi/Local Sites/handeny2/app/public/wp-content/themes/handeny/front-page.php on line 534

2024-01-17T11:06:59+00:00 CRITICAL Uncaught TypeError: count(): Argument #1 ($value) must be of type Countable|array, null given in /Users/romanzhurakivskyi/Local Sites/handeny2/app/public/wp-content/themes/handeny/front-page.php:534
Stack trace:
#0 /Users/romanzhurakivskyi/Local Sites/handeny2/app/public/wp-includes/template-loader.php(106): include()
#1 /Users/romanzhurakivskyi/Local Sites/handeny2/app/public/wp-blog-header.php(19): require_once('/Users/romanzhu...')
#2 /Users/romanzhurakivskyi/Local Sites/handeny2/app/public/index.php(17): require('/Users/romanzhu...')
#3 {main}
  thrown in /Users/romanzhurakivskyi/Local Sites/handeny2/app/public/wp-content/themes/handeny/front-page.php on line 534

2024-01-17T11:06:59+00:00 CRITICAL Uncaught TypeError: count(): Argument #1 ($value) must be of type Countable|array, null given in /Users/romanzhurakivskyi/Local Sites/handeny2/app/public/wp-content/themes/handeny/front-page.php:534
Stack trace:
#0 /Users/romanzhurakivskyi/Local Sites/handeny2/app/public/wp-includes/template-loader.php(106): include()
#1 /Users/romanzhurakivskyi/Local Sites/handeny2/app/public/wp-blog-header.php(19): require_once('/Users/romanzhu...')
#2 /Users/romanzhurakivskyi/Local Sites/handeny2/app/public/index.php(17): require('/Users/romanzhu...')
#3 {main}
  thrown in /Users/romanzhurakivskyi/Local Sites/handeny2/app/public/wp-content/themes/handeny/front-page.php on line 534

2024-01-17T11:07:00+00:00 CRITICAL Uncaught TypeError: count(): Argument #1 ($value) must be of type Countable|array, null given in /Users/romanzhurakivskyi/Local Sites/handeny2/app/public/wp-content/themes/handeny/front-page.php:534
Stack trace:
#0 /Users/romanzhurakivskyi/Local Sites/handeny2/app/public/wp-includes/template-loader.php(106): include()
#1 /Users/romanzhurakivskyi/Local Sites/handeny2/app/public/wp-blog-header.php(19): require_once('/Users/romanzhu...')
#2 /Users/romanzhurakivskyi/Local Sites/handeny2/app/public/index.php(17): require('/Users/romanzhu...')
#3 {main}
  thrown in /Users/romanzhurakivskyi/Local Sites/handeny2/app/public/wp-content/themes/handeny/front-page.php on line 534

2024-01-17T11:07:49+00:00 CRITICAL Uncaught TypeError: count(): Argument #1 ($value) must be of type Countable|array, null given in /Users/romanzhurakivskyi/Local Sites/handeny2/app/public/wp-content/themes/handeny/front-page.php:534
Stack trace:
#0 /Users/romanzhurakivskyi/Local Sites/handeny2/app/public/wp-includes/template-loader.php(106): include()
#1 /Users/romanzhurakivskyi/Local Sites/handeny2/app/public/wp-blog-header.php(19): require_once('/Users/romanzhu...')
#2 /Users/romanzhurakivskyi/Local Sites/handeny2/app/public/index.php(17): require('/Users/romanzhu...')
#3 {main}
  thrown in /Users/romanzhurakivskyi/Local Sites/handeny2/app/public/wp-content/themes/handeny/front-page.php on line 534

2024-01-17T11:07:51+00:00 CRITICAL Uncaught TypeError: count(): Argument #1 ($value) must be of type Countable|array, null given in /Users/romanzhurakivskyi/Local Sites/handeny2/app/public/wp-content/themes/handeny/front-page.php:534
Stack trace:
#0 /Users/romanzhurakivskyi/Local Sites/handeny2/app/public/wp-includes/template-loader.php(106): include()
#1 /Users/romanzhurakivskyi/Local Sites/handeny2/app/public/wp-blog-header.php(19): require_once('/Users/romanzhu...')
#2 /Users/romanzhurakivskyi/Local Sites/handeny2/app/public/index.php(17): require('/Users/romanzhu...')
#3 {main}
  thrown in /Users/romanzhurakivskyi/Local Sites/handeny2/app/public/wp-content/themes/handeny/front-page.php on line 534

2024-01-17T11:07:54+00:00 CRITICAL Uncaught TypeError: count(): Argument #1 ($value) must be of type Countable|array, null given in /Users/romanzhurakivskyi/Local Sites/handeny2/app/public/wp-content/themes/handeny/front-page.php:534
Stack trace:
#0 /Users/romanzhurakivskyi/Local Sites/handeny2/app/public/wp-includes/template-loader.php(106): include()
#1 /Users/romanzhurakivskyi/Local Sites/handeny2/app/public/wp-blog-header.php(19): require_once('/Users/romanzhu...')
#2 /Users/romanzhurakivskyi/Local Sites/handeny2/app/public/index.php(17): require('/Users/romanzhu...')
#3 {main}
  thrown in /Users/romanzhurakivskyi/Local Sites/handeny2/app/public/wp-content/themes/handeny/front-page.php on line 534

2024-01-17T11:08:07+00:00 CRITICAL Uncaught TypeError: count(): Argument #1 ($value) must be of type Countable|array, null given in /Users/romanzhurakivskyi/Local Sites/handeny2/app/public/wp-content/themes/handeny/front-page.php:534
Stack trace:
#0 /Users/romanzhurakivskyi/Local Sites/handeny2/app/public/wp-includes/template-loader.php(106): include()
#1 /Users/romanzhurakivskyi/Local Sites/handeny2/app/public/wp-blog-header.php(19): require_once('/Users/romanzhu...')
#2 /Users/romanzhurakivskyi/Local Sites/handeny2/app/public/index.php(17): require('/Users/romanzhu...')
#3 {main}
  thrown in /Users/romanzhurakivskyi/Local Sites/handeny2/app/public/wp-content/themes/handeny/front-page.php on line 534

2024-01-17T11:13:37+00:00 CRITICAL Uncaught TypeError: count(): Argument #1 ($value) must be of type Countable|array, null given in /Users/romanzhurakivskyi/Local Sites/handeny2/app/public/wp-content/themes/handeny/front-page.php:534
Stack trace:
#0 /Users/romanzhurakivskyi/Local Sites/handeny2/app/public/wp-includes/template-loader.php(106): include()
#1 /Users/romanzhurakivskyi/Local Sites/handeny2/app/public/wp-blog-header.php(19): require_once('/Users/romanzhu...')
#2 /Users/romanzhurakivskyi/Local Sites/handeny2/app/public/index.php(17): require('/Users/romanzhu...')
#3 {main}
  thrown in /Users/romanzhurakivskyi/Local Sites/handeny2/app/public/wp-content/themes/handeny/front-page.php on line 534

2024-01-17T11:18:30+00:00 CRITICAL Uncaught TypeError: count(): Argument #1 ($value) must be of type Countable|array, null given in /Users/romanzhurakivskyi/Local Sites/handeny2/app/public/wp-content/themes/handeny/front-page.php:534
Stack trace:
#0 /Users/romanzhurakivskyi/Local Sites/handeny2/app/public/wp-includes/template-loader.php(106): include()
#1 /Users/romanzhurakivskyi/Local Sites/handeny2/app/public/wp-blog-header.php(19): require_once('/Users/romanzhu...')
#2 /Users/romanzhurakivskyi/Local Sites/handeny2/app/public/index.php(17): require('/Users/romanzhu...')
#3 {main}
  thrown in /Users/romanzhurakivskyi/Local Sites/handeny2/app/public/wp-content/themes/handeny/front-page.php on line 534

2024-01-17T11:21:54+00:00 CRITICAL Uncaught TypeError: count(): Argument #1 ($value) must be of type Countable|array, null given in /Users/romanzhurakivskyi/Local Sites/handeny2/app/public/wp-content/themes/handeny/front-page.php:534
Stack trace:
#0 /Users/romanzhurakivskyi/Local Sites/handeny2/app/public/wp-includes/template-loader.php(106): include()
#1 /Users/romanzhurakivskyi/Local Sites/handeny2/app/public/wp-blog-header.php(19): require_once('/Users/romanzhu...')
#2 /Users/romanzhurakivskyi/Local Sites/handeny2/app/public/index.php(17): require('/Users/romanzhu...')
#3 {main}
  thrown in /Users/romanzhurakivskyi/Local Sites/handeny2/app/public/wp-content/themes/handeny/front-page.php on line 534

2024-01-17T11:29:07+00:00 CRITICAL Uncaught TypeError: count(): Argument #1 ($value) must be of type Countable|array, null given in /Users/romanzhurakivskyi/Local Sites/handeny2/app/public/wp-content/themes/handeny/front-page.php:534
Stack trace:
#0 /Users/romanzhurakivskyi/Local Sites/handeny2/app/public/wp-includes/template-loader.php(106): include()
#1 /Users/romanzhurakivskyi/Local Sites/handeny2/app/public/wp-blog-header.php(19): require_once('/Users/romanzhu...')
#2 /Users/romanzhurakivskyi/Local Sites/handeny2/app/public/index.php(17): require('/Users/romanzhu...')
#3 {main}
  thrown in /Users/romanzhurakivskyi/Local Sites/handeny2/app/public/wp-content/themes/handeny/front-page.php on line 534

2024-01-17T11:29:43+00:00 CRITICAL Uncaught TypeError: count(): Argument #1 ($value) must be of type Countable|array, null given in /Users/romanzhurakivskyi/Local Sites/handeny2/app/public/wp-content/themes/handeny/front-page.php:534
Stack trace:
#0 /Users/romanzhurakivskyi/Local Sites/handeny2/app/public/wp-includes/template-loader.php(106): include()
#1 /Users/romanzhurakivskyi/Local Sites/handeny2/app/public/wp-blog-header.php(19): require_once('/Users/romanzhu...')
#2 /Users/romanzhurakivskyi/Local Sites/handeny2/app/public/index.php(17): require('/Users/romanzhu...')
#3 {main}
  thrown in /Users/romanzhurakivskyi/Local Sites/handeny2/app/public/wp-content/themes/handeny/front-page.php on line 534

2024-01-17T11:29:55+00:00 CRITICAL Uncaught TypeError: count(): Argument #1 ($value) must be of type Countable|array, null given in /Users/romanzhurakivskyi/Local Sites/handeny2/app/public/wp-content/themes/handeny/front-page.php:534
Stack trace:
#0 /Users/romanzhurakivskyi/Local Sites/handeny2/app/public/wp-includes/template-loader.php(106): include()
#1 /Users/romanzhurakivskyi/Local Sites/handeny2/app/public/wp-blog-header.php(19): require_once('/Users/romanzhu...')
#2 /Users/romanzhurakivskyi/Local Sites/handeny2/app/public/index.php(17): require('/Users/romanzhu...')
#3 {main}
  thrown in /Users/romanzhurakivskyi/Local Sites/handeny2/app/public/wp-content/themes/handeny/front-page.php on line 534

2024-01-17T11:30:12+00:00 CRITICAL Uncaught TypeError: count(): Argument #1 ($value) must be of type Countable|array, null given in /Users/romanzhurakivskyi/Local Sites/handeny2/app/public/wp-content/themes/handeny/front-page.php:534
Stack trace:
#0 /Users/romanzhurakivskyi/Local Sites/handeny2/app/public/wp-includes/template-loader.php(106): include()
#1 /Users/romanzhurakivskyi/Local Sites/handeny2/app/public/wp-blog-header.php(19): require_once('/Users/romanzhu...')
#2 /Users/romanzhurakivskyi/Local Sites/handeny2/app/public/index.php(17): require('/Users/romanzhu...')
#3 {main}
  thrown in /Users/romanzhurakivskyi/Local Sites/handeny2/app/public/wp-content/themes/handeny/front-page.php on line 534

2024-01-17T11:30:19+00:00 CRITICAL Uncaught TypeError: count(): Argument #1 ($value) must be of type Countable|array, null given in /Users/romanzhurakivskyi/Local Sites/handeny2/app/public/wp-content/themes/handeny/front-page.php:534
Stack trace:
#0 /Users/romanzhurakivskyi/Local Sites/handeny2/app/public/wp-includes/template-loader.php(106): include()
#1 /Users/romanzhurakivskyi/Local Sites/handeny2/app/public/wp-blog-header.php(19): require_once('/Users/romanzhu...')
#2 /Users/romanzhurakivskyi/Local Sites/handeny2/app/public/index.php(17): require('/Users/romanzhu...')
#3 {main}
  thrown in /Users/romanzhurakivskyi/Local Sites/handeny2/app/public/wp-content/themes/handeny/front-page.php on line 534

2024-01-17T11:30:45+00:00 CRITICAL Uncaught TypeError: count(): Argument #1 ($value) must be of type Countable|array, null given in /Users/romanzhurakivskyi/Local Sites/handeny2/app/public/wp-content/themes/handeny/front-page.php:534
Stack trace:
#0 /Users/romanzhurakivskyi/Local Sites/handeny2/app/public/wp-includes/template-loader.php(106): include()
#1 /Users/romanzhurakivskyi/Local Sites/handeny2/app/public/wp-blog-header.php(19): require_once('/Users/romanzhu...')
#2 /Users/romanzhurakivskyi/Local Sites/handeny2/app/public/index.php(17): require('/Users/romanzhu...')
#3 {main}
  thrown in /Users/romanzhurakivskyi/Local Sites/handeny2/app/public/wp-content/themes/handeny/front-page.php on line 534

2024-01-17T11:30:51+00:00 CRITICAL Uncaught TypeError: count(): Argument #1 ($value) must be of type Countable|array, null given in /Users/romanzhurakivskyi/Local Sites/handeny2/app/public/wp-content/themes/handeny/front-page.php:534
Stack trace:
#0 /Users/romanzhurakivskyi/Local Sites/handeny2/app/public/wp-includes/template-loader.php(106): include()
#1 /Users/romanzhurakivskyi/Local Sites/handeny2/app/public/wp-blog-header.php(19): require_once('/Users/romanzhu...')
#2 /Users/romanzhurakivskyi/Local Sites/handeny2/app/public/index.php(17): require('/Users/romanzhu...')
#3 {main}
  thrown in /Users/romanzhurakivskyi/Local Sites/handeny2/app/public/wp-content/themes/handeny/front-page.php on line 534

2024-01-17T11:31:02+00:00 CRITICAL Uncaught TypeError: count(): Argument #1 ($value) must be of type Countable|array, null given in /Users/romanzhurakivskyi/Local Sites/handeny2/app/public/wp-content/themes/handeny/front-page.php:534
Stack trace:
#0 /Users/romanzhurakivskyi/Local Sites/handeny2/app/public/wp-includes/template-loader.php(106): include()
#1 /Users/romanzhurakivskyi/Local Sites/handeny2/app/public/wp-blog-header.php(19): require_once('/Users/romanzhu...')
#2 /Users/romanzhurakivskyi/Local Sites/handeny2/app/public/index.php(17): require('/Users/romanzhu...')
#3 {main}
  thrown in /Users/romanzhurakivskyi/Local Sites/handeny2/app/public/wp-content/themes/handeny/front-page.php on line 534

2024-01-17T11:32:38+00:00 CRITICAL Uncaught TypeError: count(): Argument #1 ($value) must be of type Countable|array, null given in /Users/romanzhurakivskyi/Local Sites/handeny2/app/public/wp-content/themes/handeny/front-page.php:534
Stack trace:
#0 /Users/romanzhurakivskyi/Local Sites/handeny2/app/public/wp-includes/template-loader.php(106): include()
#1 /Users/romanzhurakivskyi/Local Sites/handeny2/app/public/wp-blog-header.php(19): require_once('/Users/romanzhu...')
#2 /Users/romanzhurakivskyi/Local Sites/handeny2/app/public/index.php(17): require('/Users/romanzhu...')
#3 {main}
  thrown in /Users/romanzhurakivskyi/Local Sites/handeny2/app/public/wp-content/themes/handeny/front-page.php on line 534

2024-01-17T11:32:40+00:00 CRITICAL Uncaught TypeError: count(): Argument #1 ($value) must be of type Countable|array, null given in /Users/romanzhurakivskyi/Local Sites/handeny2/app/public/wp-content/themes/handeny/front-page.php:534
Stack trace:
#0 /Users/romanzhurakivskyi/Local Sites/handeny2/app/public/wp-includes/template-loader.php(106): include()
#1 /Users/romanzhurakivskyi/Local Sites/handeny2/app/public/wp-blog-header.php(19): require_once('/Users/romanzhu...')
#2 /Users/romanzhurakivskyi/Local Sites/handeny2/app/public/index.php(17): require('/Users/romanzhu...')
#3 {main}
  thrown in /Users/romanzhurakivskyi/Local Sites/handeny2/app/public/wp-content/themes/handeny/front-page.php on line 534

